[98332:9660865:0511/214831.996101:INFO:components/enterprise/browser/controller/chrome_browser_cloud_management_controller.cc:202] No machine level policy manager exists.
[98332:9660865:0511/215000.206308:INFO:CONSOLE:10] "TypeError: Cannot read properties of null (reading 'IsAdmin')", source: https://gym.sysu.edu.cn/js/chunk-vendors.53cf9ad4.js (10)
[98332:9660865:0511/215000.232935:INFO:CONSOLE:1] "[object Object]", source: https://gym.sysu.edu.cn/js/app.c1fa801c.js (1)
[98332:9660865:0511/215000.570485:INFO:CONSOLE:10] "TypeError: Cannot read properties of null (reading 'IsAdmin')", source: https://gym.sysu.edu.cn/js/chunk-vendors.53cf9ad4.js (10)
[98332:9660865:0511/215000.601712:INFO:CONSOLE:1] "[object Object]", source: https://gym.sysu.edu.cn/js/app.c1fa801c.js (1)
[98332:9660865:0511/215000.686894:WARNING:chrome/browser/media/prefs/capture_device_ranking.h:255] Can't initialize the value of media.audio_input.user_preference_ranking because media.default_audio_capture_device isn't registered or is empty
[98332:9660865:0511/215000.686949:WARNING:chrome/browser/media/prefs/capture_device_ranking.h:255] Can't initialize the value of media.video_input.user_preference_ranking because media.default_video_capture_Device isn't registered or is empty
[98332:9660865:0511/215000.686973:WARNING:chrome/browser/media/prefs/capture_device_ranking.h:255] Can't initialize the value of media.audio_input.user_preference_ranking because media.default_audio_capture_device isn't registered or is empty
[98332:9660865:0511/215000.686986:WARNING:chrome/browser/media/prefs/capture_device_ranking.h:255] Can't initialize the value of media.video_input.user_preference_ranking because media.default_video_capture_Device isn't registered or is empty
[98332:9660865:0511/215000.961048:INFO:CONSOLE:1] "Uncaught (in promise) undefined", source: https://gym.sysu.edu.cn/ycZx5GJsBJl27puGSV2unImMjhj6o9mb.js (1)
[98332:9660865:0511/215500.557599:INFO:CONSOLE:1] "[object Object]", source: https://gym.sysu.edu.cn/js/app.c1fa801c.js (1)
[98332:9660865:0511/215500.590893:INFO:CONSOLE:1] "[object Object]", source: https://gym.sysu.edu.cn/js/app.c1fa801c.js (1)
[98332:9660865:0511/215500.591024:INFO:CONSOLE:1] "selected Date Init true", source: https://gym.sysu.edu.cn/js/app.c1fa801c.js (1)
[98332:9660865:0511/215500.628715:INFO:CONSOLE:1] "[object Object]", source: https://gym.sysu.edu.cn/js/app.c1fa801c.js (1)
[98332:9660865:0511/215500.628778:INFO:CONSOLE:1] "isResourcePool false", source: https://gym.sysu.edu.cn/js/app.c1fa801c.js (1)
[98332:9660865:0511/215500.629106:INFO:CONSOLE:1] "Daily Total Capacities:", source: https://gym.sysu.edu.cn/js/app.c1fa801c.js (1)
[98332:9660865:0511/215500.629137:INFO:CONSOLE:1] "[
  {
    "date": "2025-05-12",
    "totalCapacity": 17
  },
  {
    "date": "2025-05-13",
    "totalCapacity": 0
  }
]", source: https://gym.sysu.edu.cn/js/app.c1fa801c.js (1)
[98332:9660865:0511/220009.740326:WARNING:chrome/browser/media/prefs/capture_device_ranking.h:255] Can't initialize the value of media.audio_input.user_preference_ranking because media.default_audio_capture_device isn't registered or is empty
[98332:9660865:0511/220009.741038:WARNING:chrome/browser/media/prefs/capture_device_ranking.h:255] Can't initialize the value of media.video_input.user_preference_ranking because media.default_video_capture_Device isn't registered or is empty
[98332:9660865:0511/220009.763980:INFO:CONSOLE:10] "TypeError: Cannot read properties of null (reading 'IsAdmin')", source: https://gym.sysu.edu.cn/js/chunk-vendors.53cf9ad4.js (10)
[98332:9660865:0511/220009.859422:INFO:CONSOLE:1] "Uncaught (in promise) undefined", source: https://gym.sysu.edu.cn/ycZx5GJsBJl27puGSV2unImMjhj6o9mb.js (1)
[98332:9660865:0511/220010.438192:WARNING:chrome/browser/media/prefs/capture_device_ranking.h:255] Can't initialize the value of media.audio_input.user_preference_ranking because media.default_audio_capture_device isn't registered or is empty
[98332:9660865:0511/220010.438232:WARNING:chrome/browser/media/prefs/capture_device_ranking.h:255] Can't initialize the value of media.video_input.user_preference_ranking because media.default_video_capture_Device isn't registered or is empty
[98332:9660865:0511/220010.460175:INFO:CONSOLE:10] "TypeError: Cannot read properties of null (reading 'IsAdmin')", source: https://gym.sysu.edu.cn/js/chunk-vendors.53cf9ad4.js (10)
[98332:9660865:0511/220010.549624:INFO:CONSOLE:1] "Uncaught (in promise) undefined", source: https://gym.sysu.edu.cn/ycZx5GJsBJl27puGSV2unImMjhj6o9mb.js (1)
[98332:9660865:0511/220015.492809:INFO:CONSOLE:1] "[object Object]", source: https://gym.sysu.edu.cn/js/app.c1fa801c.js (1)
[98332:9660865:0511/220015.492998:INFO:CONSOLE:1] "selected Date Init true", source: https://gym.sysu.edu.cn/js/app.c1fa801c.js (1)
[98332:9660865:0511/220016.141827:INFO:CONSOLE:1] "[object Object]", source: https://gym.sysu.edu.cn/js/app.c1fa801c.js (1)
[98332:9660865:0511/220016.141942:INFO:CONSOLE:1] "isResourcePool false", source: https://gym.sysu.edu.cn/js/app.c1fa801c.js (1)
[98332:9660865:0511/220016.142913:INFO:CONSOLE:1] "Daily Total Capacities:", source: https://gym.sysu.edu.cn/js/app.c1fa801c.js (1)
[98332:9660865:0511/220016.142940:INFO:CONSOLE:1] "[
  {
    "date": "2025-05-12",
    "totalCapacity": 17
  },
  {
    "date": "2025-05-13",
    "totalCapacity": 0
  },
  {
    "date": "2025-05-14",
    "totalCapacity": 100
  }
]", source: https://gym.sysu.edu.cn/js/app.c1fa801c.js (1)
[98332:9660865:0511/220016.190399:INFO:CONSOLE:1] "[object Object]", source: https://gym.sysu.edu.cn/js/app.c1fa801c.js (1)
[98332:9660865:0511/220016.190478:INFO:CONSOLE:1] "selected Date Init false", source: https://gym.sysu.edu.cn/js/app.c1fa801c.js (1)
[98332:9660865:0511/220017.460930:INFO:CONSOLE:1] "[object Object]", source: https://gym.sysu.edu.cn/js/app.c1fa801c.js (1)
[98332:9660865:0511/220017.461038:INFO:CONSOLE:1] "isResourcePool false", source: https://gym.sysu.edu.cn/js/app.c1fa801c.js (1)
[98332:9660865:0511/220017.461084:INFO:CONSOLE:1] "Daily Total Capacities:", source: https://gym.sysu.edu.cn/js/app.c1fa801c.js (1)
[98332:9660865:0511/220017.461111:INFO:CONSOLE:1] "[
  {
    "date": "2025-05-14",
    "totalCapacity": 100
  }
]", source: https://gym.sysu.edu.cn/js/app.c1fa801c.js (1)
